proguard-project.txt
-dontshrink
-dontskipnonpubliclibraryclassmembers
-keepattributes *Annotation*
-keepattributes Signature

-keep public class * extends android.app.Activity
-keep public class * extends android.app.Application
-keep public class * extends android.app.Service
-keep public class * extends android.content.BroadcastReceiver
-keep public class * extends android.content.ContentProvider
-keep public class * extends android.preference.Preference
-keep public class com.android.vending.billing.IInAppBillingService
-keep public class * extends android.view.View {
    public <init>(android.content.Context);
    public <init>(android.content.Context, android.util.AttributeSet);
    public <init>(android.content.Context, android.util.AttributeSet, int);
}
-keepclasseswithmembers class * {
    public <init>(android.content.Context, android.util.AttributeSet);
}
-keepclasseswithmembers class * {
    public <init>(android.content.Context, android.util.AttributeSet, int);
}
-keepclassmembers class * extends android.content.Context {
    public void *(android.view.View);
    public void *(android.view.MenuItem);
}

-optimizations code/removal/simple,code/removal/advanced



-dontskipnonpubliclibraryclassmembers

-keepattributes *Annotation*
-keepattributes Signature
-keep class com.games.numeral.pursuit.messages.** { *; }
-keep class com.appspot.numeralpursuit.gameserver.** { *; }
-keep class com.appspot.numeralpursuit.gameserver.model.** { *; }
-keep class com.games.common.gsonmessages.** { *; }
-dontwarn com.google.ads.** -keep public class com.google.** {*;}

-keep class android.support.v4.app.** { *; }
-keep interface android.support.v4.app.** { *; }

-libraryjars libs/GoogleAdMobAdsSdk-6.4.1.jar

-keep class com.google.ads.** {*;}
-keep class com.google.android.gms.** { *; }
-dontwarn com.google.android.gms.**




# keep setters in Views so that animations can still work.
# see http://proguard.sourceforge.net/manual/examples.html#beans
-keepclassmembers public class * extends android.view.View {
   void set*(***);
   *** get*();
}

# We want to keep methods in Activity that could be used in the XML attribute onClick
-keepclassmembers class * extends android.app.Activity {
   public void *(android.view.View);
}

# For enumeration classes, see http://proguard.sourceforge.net/manual/examples.html#enumerations
-keepclassmembers enum * {
    public static **[] values();
    public static ** valueOf(java.lang.String);
}

-keepclassmembers class **.R$* {
    public static <fields>;
}

# The support library contains references to newer platform versions.
# Don't warn about those in case this app is linking against an older
# platform version.  We know about them, and they are safe.
-dontwarn android.support.**


-assumenosideeffects class android.util.Blog {
    public static boolean isLoggable(java.lang.String, int);
    public static int v(...);
    public static int i(...);
    public static int w(...);
    public static int d(...);
    public static int e(...);
}
-assumenosideeffects class android.util.Log {
    public static boolean isLoggable(java.lang.String, int);
    public static int v(...);
    public static int i(...);
    public static int w(...);
    public static int d(...);
    public static int e(...);
}