proguard/seeds.txt
com.games.numeral.pursuit.adfree.AbstractAlarmReceiver
com.games.numeral.pursuit.adfree.AbstractAlarmReceiver: AbstractAlarmReceiver()
com.games.numeral.pursuit.adfree.AbstractAlarmReceiver: AbstractAlarmReceiver(android.content.Context,android.os.Bundle,int,java.lang.Class)
com.games.numeral.pursuit.adfree.AbstractAlarmReceiver$RepeatRegistration
com.games.numeral.pursuit.adfree.AbstractAlarmReceiver$RepeatRegistration: AbstractAlarmReceiver$RepeatRegistration()
com.games.numeral.pursuit.adfree.AbstractAlarmReceiver$RepeatRegistration: AbstractAlarmReceiver$RepeatRegistration(android.content.Context,android.os.Bundle,int)
com.games.numeral.pursuit.adfree.ActiveGamesAct
com.games.numeral.pursuit.adfree.ActiveGamesAct: ActiveGamesAct()
com.games.numeral.pursuit.adfree.ChatActivity
com.games.numeral.pursuit.adfree.ChatActivity: ChatActivity()
com.games.numeral.pursuit.adfree.FinishedGamesActivity
com.games.numeral.pursuit.adfree.FinishedGamesActivity: FinishedGamesActivity()
com.games.numeral.pursuit.adfree.FriendsActivity
com.games.numeral.pursuit.adfree.FriendsActivity: FriendsActivity()
com.games.numeral.pursuit.adfree.GCMIntentService
com.games.numeral.pursuit.adfree.GCMIntentService: GCMIntentService()
com.games.numeral.pursuit.adfree.GCMReceiver
com.games.numeral.pursuit.adfree.GCMReceiver: GCMReceiver()
com.games.numeral.pursuit.adfree.GameActivity
com.games.numeral.pursuit.adfree.GameActivity: GameActivity()
com.games.numeral.pursuit.adfree.GameActivity$MySurfaceView
com.games.numeral.pursuit.adfree.GameActivity$MySurfaceView: GameActivity$MySurfaceView(android.content.Context)
com.games.numeral.pursuit.adfree.GameActivity$MySurfaceView: GameActivity$MySurfaceView(android.content.Context,android.util.AttributeSet)
com.games.numeral.pursuit.adfree.GameActivity$MySurfaceView: void setRenderer(com.games.numeral.pursuit.adfree.GameActivity$GlRenderer)
com.games.numeral.pursuit.adfree.GameActivity$MySurfaceView: com.games.numeral.pursuit.adfree.GameActivity$Tile getFingeredTile()
com.games.numeral.pursuit.adfree.GameActivitySinglePlayer
com.games.numeral.pursuit.adfree.GameActivitySinglePlayer: GameActivitySinglePlayer()
com.games.numeral.pursuit.adfree.GameActivitySinglePlayer$MySurfaceView
com.games.numeral.pursuit.adfree.GameActivitySinglePlayer$MySurfaceView: GameActivitySinglePlayer$MySurfaceView(android.content.Context)
com.games.numeral.pursuit.adfree.GameActivitySinglePlayer$MySurfaceView: GameActivitySinglePlayer$MySurfaceView(android.content.Context,android.util.AttributeSet)
com.games.numeral.pursuit.adfree.GameActivitySinglePlayer$MySurfaceView: void setRenderer(com.games.numeral.pursuit.adfree.GameActivitySinglePlayer$GlRenderer)
com.games.numeral.pursuit.adfree.GameActivitySinglePlayer$MySurfaceView: com.games.numeral.pursuit.adfree.GameActivitySinglePlayer$Tile getFingeredTile()
com.games.numeral.pursuit.adfree.InvitedToGameActivity
com.games.numeral.pursuit.adfree.InvitedToGameActivity: InvitedToGameActivity()
com.games.numeral.pursuit.adfree.MainActivity
com.games.numeral.pursuit.adfree.MainActivity: MainActivity()
com.games.numeral.pursuit.adfree.MainActivity: void onClick(android.view.View)
com.games.numeral.pursuit.adfree.MyApplication
com.games.numeral.pursuit.adfree.MyApplication: MyApplication()
com.games.numeral.pursuit.adfree.PlayRNGAct
com.games.numeral.pursuit.adfree.PlayRNGAct: PlayRNGAct()
com.games.numeral.pursuit.adfree.PlayRNGAct$NewGameReceiver
...
com.google.android.gms.internal.bs$b
com.google.android.gms.internal.bs$b: com.google.android.gms.internal.br$a gx
com.google.android.gms.internal.bs$b: com.google.android.gms.internal.bt gy
com.google.android.gms.internal.bs$b: java.lang.Object eJ
com.google.android.gms.internal.bs$b: bs$b(android.content.Context,com.google.android.gms.internal.bu,com.google.android.gms.internal.br$a)
com.google.android.gms.internal.bs$b: com.google.android.gms.internal.by af()
com.google.android.gms.internal.bs$b: void ae()
com.google.android.gms.internal.bs$b: void onConnectionFailed(com.google.android.gms.common.ConnectionResult)
com.google.android.gms.internal.bs$b: void onConnected(android.os.Bundle)
com.google.android.gms.internal.bs$b: void onDisconnected()
com.google.android.gms.internal.bt
com.google.android.gms.internal.bt: int gz
com.google.android.gms.internal.bt: bt(android.content.Context,com.google.android.gms.common.GooglePlayServicesClient$ConnectionCallbacks,com.google.android.gms.common.GooglePlayServicesClient$OnConnectionFailedListener,int)
com.google.android.gms.internal.bt: java.lang.String ag()
com.google.android.gms.internal.bt: java.lang.String ah()
com.google.android.gms.internal.bt: com.google.android.gms.internal.by o(android.os.IBinder)
com.google.android.gms.internal.bt: void a(com.google.android.gms.internal.dj,com.google.android.gms.internal.de$d)
com.google.android.gms.internal.bt: com.google.android.gms.internal.by ai()
com.google.android.gms.internal.bt: android.os.IInterface p(android.os.IBinder)
com.google.android.gms.internal.bu
com.google.android.gms.internal.bu: com.google.android.gms.internal.bv CREATOR
com.google.android.gms.internal.bu: int versionCode
com.google.android.gms.internal.bu: android.os.Bundle gA
com.google.android.gms.internal.bu: com.google.android.gms.internal.v gB
com.google.android.gms.internal.bu: com.google.android.gms.internal.x ed
com.google.android.gms.internal.bu: java.lang.String adUnitId
com.google.android.gms.internal.bu: android.content.pm.ApplicationInfo applicationInfo
com.google.android.gms.internal.bu: android.content.pm.PackageInfo gC
com.google.android.gms.internal.bu: java.lang.String gD
com.google.android.gms.internal.bu: java.lang.String gE
com.google.android.gms.internal.bu: java.lang.String gF
com.google.android.gms.internal.bu: com.google.android.gms.internal.co eg
com.google.android.gms.internal.bu: bu(android.os.Bundle,com.google.android.gms.internal.v,com.google.android.gms.internal.x,java.lang.String,android.content.pm.ApplicationInfo,android.content.pm.PackageInfo,java.lang.String,java.lang.String,java.lang.String,com.google.android.gms.internal.co)
com.google.android.gms.internal.bu: bu(com.google.android.gms.internal.bu$a,java.lang.String)
com.google.android.gms.internal.bu$a
com.google.android.gms.internal.bu$a: android.os.Bundle gA
com.google.android.gms.internal.bu$a: com.google.android.gms.internal.v gB
com.google.android.gms.internal.bu$a: com.google.android.gms.internal.x ed
com.google.android.gms.internal.bu$a: java.lang.String adUnitId
com.google.android.gms.internal.bu$a: android.content.pm.ApplicationInfo applicationInfo
com.google.android.gms.internal.bu$a: android.content.pm.PackageInfo gC
com.google.android.gms.internal.bu$a: java.lang.String gE
com.google.android.gms.internal.bu$a: java.lang.String gF
com.google.android.gms.internal.bu$a: com.google.android.gms.internal.co eg
com.google.android.gms.internal.bu$a: bu$a(android.os.Bundle,com.google.android.gms.internal.v,com.google.android.gms.internal.x,java.lang.String,android.content.pm.ApplicationInfo,android.content.pm.PackageInfo,java.lang.String,java.lang.String,com.google.android.gms.internal.co)