proguard/mapping.txt
com.games.numeral.pursuit.adfree.AbstractAlarmReceiver -> com.games.numeral.pursuit.adfree.AbstractAlarmReceiver:
    java.lang.String REMINDER_BUNDLE -> a
    void onReceive(android.content.Context,android.content.Intent) -> onReceive
com.games.numeral.pursuit.adfree.AbstractAlarmReceiver$RepeatRegistration -> com.games.numeral.pursuit.adfree.AbstractAlarmReceiver$RepeatRegistration:
    int REP_IN_SECONDS -> a
    void onReceive(android.content.Context,android.content.Intent) -> onReceive
    void regKeepAlive() -> a
com.games.numeral.pursuit.adfree.AbstractAlarmReceiver$RepeatRegistration$1 -> com.games.numeral.pursuit.adfree.a:
    com.games.numeral.pursuit.adfree.AbstractAlarmReceiver$RepeatRegistration this$1 -> a
    void run() -> run
com.games.numeral.pursuit.adfree.ActiveGamesAct -> com.games.numeral.pursuit.adfree.ActiveGamesAct:
    android.app.ProgressDialog genericDlg -> a
    int[] to -> b
    java.lang.Long waitGameUpdate -> c
    java.lang.String GID_MAPPED -> d
    java.lang.String OPID_MAPPED -> e
    java.lang.String GAMETYPE_MAPPED -> f
    java.lang.String GAME_NAME_MAPPED -> g
    java.lang.String OP_NAME_MAPPED -> h
    java.lang.String RESULT_MAPPED -> i
    void onCreate(android.os.Bundle) -> onCreate
    void onFetchedGames(java.util.ArrayList) -> a
    void startGame(java.util.ArrayList,int) -> a
    void dismissGenericDialog() -> a
    void showGenericWaitDlg(java.lang.CharSequence,java.lang.CharSequence,boolean,android.content.DialogInterface$OnCancelListener) -> a
    void access$0(com.games.numeral.pursuit.adfree.ActiveGamesAct) -> a
com.games.numeral.pursuit.adfree.ActiveGamesAct$1 -> com.games.numeral.pursuit.adfree.b:
    com.games.numeral.pursuit.adfree.ActiveGamesAct this$0 -> a
    void onCancel(android.content.DialogInterface) -> onCancel
com.games.numeral.pursuit.adfree.ActiveGamesAct$2 -> com.games.numeral.pursuit.adfree.c:
    com.games.numeral.pursuit.adfree.ActiveGamesAct this$0 -> a
    java.util.ArrayList val$listMap -> b
    void onItemClick(android.widget.AdapterView,android.view.View,int,long) -> onItemClick
com.games.numeral.pursuit.adfree.ActiveGamesAct$FetchGamesTask -> com.games.numeral.pursuit.adfree.d:
    com.games.numeral.pursuit.adfree.ActiveGamesAct this$0 -> a
    java.util.ArrayList doInBackground(java.lang.Void[]) -> a
    void notifyErrorConnecting() -> a
    void onPostExecute(java.util.ArrayList) -> a
    void onPostExecute(java.lang.Object) -> onPostExecute
    java.lang.Object doInBackground(java.lang.Object[]) -> doInBackground
    com.games.numeral.pursuit.adfree.ActiveGamesAct access$2(com.games.numeral.pursuit.adfree.ActiveGamesAct$FetchGamesTask) -> a
com.games.numeral.pursuit.adfree.ActiveGamesAct$FetchGamesTask$1 -> com.games.numeral.pursuit.adfree.e:
    com.games.numeral.pursuit.adfree.ActiveGamesAct$FetchGamesTask this$1 -> a
    void run() -> run
com.games.numeral.pursuit.adfree.ActiveGamesAct$FetchGamesTask$2 -> com.games.numeral.pursuit.adfree.f:
    com.games.numeral.pursuit.adfree.ActiveGamesAct$FetchGamesTask this$1 -> a
    void run() -> run
com.games.numeral.pursuit.adfree.ActiveGamesAct$FetchGamesTask$3 -> com.games.numeral.pursuit.adfree.g:
    com.games.numeral.pursuit.adfree.ActiveGamesAct$FetchGamesTask this$1 -> a
    void run() -> run
    com.games.numeral.pursuit.adfree.ActiveGamesAct$FetchGamesTask access$0(com.games.numeral.pursuit.adfree.ActiveGamesAct$FetchGamesTask$3) -> a
com.games.numeral.pursuit.adfree.ActiveGamesAct$FetchGamesTask$3$1 -> com.games.numeral.pursuit.adfree.h:
    com.games.numeral.pursuit.adfree.ActiveGamesAct$FetchGamesTask$3 this$2 -> a
    void run() -> run
com.games.numeral.pursuit.adfree.ActiveGamesAct$GamesAdapter -> com.games.numeral.pursuit.adfree.i:
    android.content.Context context -> a
    int listItemId -> b
    android.view.View getView(int,android.view.View,android.view.ViewGroup) -> getView
    java.lang.String getFromIndex(int) -> a
...
com.google.api.client.util.Lists -> com.google.api.client.util.Lists:
    java.util.ArrayList newArrayList() -> newArrayList
    java.util.ArrayList newArrayListWithCapacity(int) -> newArrayListWithCapacity
    java.util.ArrayList newArrayList(java.lang.Iterable) -> newArrayList
    java.util.ArrayList newArrayList(java.util.Iterator) -> newArrayList
com.google.api.client.util.LoggingByteArrayOutputStream -> com.google.api.client.util.LoggingByteArrayOutputStream:
    int bytesWritten -> bytesWritten
    int maximumBytesToLog -> maximumBytesToLog
    boolean closed -> closed
    java.util.logging.Level loggingLevel -> loggingLevel
    java.util.logging.Logger logger -> logger
    void write(int) -> write
    void write(byte[],int,int) -> write
    void close() -> close
    int getMaximumBytesToLog() -> getMaximumBytesToLog
    int getBytesWritten() -> getBytesWritten
    void appendBytes(java.lang.StringBuilder,int) -> appendBytes
com.google.api.client.util.LoggingInputStream -> com.google.api.client.util.LoggingInputStream:
    com.google.api.client.util.LoggingByteArrayOutputStream logStream -> logStream
    int read() -> read
    int read(byte[],int,int) -> read
    void close() -> close
    com.google.api.client.util.LoggingByteArrayOutputStream getLogStream() -> getLogStream
com.google.api.client.util.LoggingOutputStream -> com.google.api.client.util.LoggingOutputStream:
    com.google.api.client.util.LoggingByteArrayOutputStream logStream -> logStream
    void write(int) -> write
    void write(byte[],int,int) -> write
    void close() -> close
    com.google.api.client.util.LoggingByteArrayOutputStream getLogStream() -> getLogStream
com.google.api.client.util.LoggingStreamingContent -> com.google.api.client.util.LoggingStreamingContent:
    com.google.api.client.util.StreamingContent content -> content
    int contentLoggingLimit -> contentLoggingLimit
    java.util.logging.Level loggingLevel -> loggingLevel
    java.util.logging.Logger logger -> logger
    void writeTo(java.io.OutputStream) -> writeTo
com.google.api.client.util.Maps -> com.google.api.client.util.Maps:
    java.util.HashMap newHashMap() -> newHashMap
    java.util.LinkedHashMap newLinkedHashMap() -> newLinkedHashMap
    java.util.TreeMap newTreeMap() -> newTreeMap
com.google.api.client.util.NanoClock -> com.google.api.client.util.NanoClock:
    com.google.api.client.util.NanoClock SYSTEM -> SYSTEM
    long nanoTime() -> nanoTime
com.google.api.client.util.NanoClock$1 -> com.google.api.client.util.q:
    long nanoTime() -> nanoTime
com.google.api.client.util.NullValue -> com.google.api.client.util.NullValue:
com.google.api.client.util.ObjectParser -> com.google.api.client.util.ObjectParser:
    java.lang.Object parseAndClose(java.io.InputStream,java.nio.charset.Charset,java.lang.Class) -> parseAndClose
    java.lang.Object parseAndClose(java.io.InputStream,java.nio.charset.Charset,java.lang.reflect.Type) -> parseAndClose
    java.lang.Object parseAndClose(java.io.Reader,java.lang.Class) -> parseAndClose
    java.lang.Object parseAndClose(java.io.Reader,java.lang.reflect.Type) -> parseAndClose
com.google.api.client.util.Objects -> com.google.api.client.util.Objects:
    boolean equal(java.lang.Object,java.lang.Object) -> equal
    com.google.api.client.util.Objects$ToStringHelper toStringHelper(java.lang.Object) -> toStringHelper
com.google.api.client.util.Objects$ToStringHelper -> com.google.api.client.util.Objects$ToStringHelper:
    com.google.api.client.repackaged.com.google.common.base.Objects$ToStringHelper wrapped -> wrapped
    com.google.api.client.util.Objects$ToStringHelper omitNullValues() -> omitNullValues
    com.google.api.client.util.Objects$ToStringHelper add(java.lang.String,java.lang.Object) -> add