proguard/usage.txt
com.games.numeral.pursuit.GameActivitySinglePlayer$5
com.games.numeral.pursuit.GameActivitySinglePlayer$ColorConverter:
    1723:1723:public GameActivitySinglePlayer$ColorConverter()
com.games.numeral.pursuit.GameActivitySinglePlayer$Fingerable:
    public static final int TOUCH_DOWN
    public static final int TOUCH_MOVED
    public static final int TOUCH_UP
com.games.numeral.pursuit.GameActivitySinglePlayer$GlRenderer:
    private static final float TILESIZE
    1551:1552:public void removeTile(com.games.numeral.pursuit.GameActivitySinglePlayer$Tile)
    1554:1555:public void addTile(com.games.numeral.pursuit.GameActivitySinglePlayer$Tile)
com.games.numeral.pursuit.GameActivitySinglePlayer$GridSolver:
    protected static final int SOLUTION_DEFAULT
    protected static final int SOLUTION_SORTED
    685:689:private int[] getRowVisual()
    693:697:private int[] getColVisual()
    701:705:private int[] getSubVisual()
com.games.numeral.pursuit.GameActivitySinglePlayer$GridSolver$Cell:
    private static final int MAX_VAL
com.games.numeral.pursuit.GameActivitySinglePlayer$Tile:
    1012:1012:public com.games.numeral.pursuit.GameActivitySinglePlayer$GameSquare getOwner()
com.games.numeral.pursuit.GameActivitySinglePlayer$Vector3:
    1709:1709:public com.games.numeral.pursuit.GameActivitySinglePlayer$Vector3 subtract(com.games.numeral.pursuit.GameActivitySinglePlayer$Vector3)
com.games.numeral.pursuit.GameUpdateHelper:
    33:34:public void setUpdate(com.appspot.numeralpursuit.gameserver.model.GameUpdate)
    39:39:public boolean isMostRecentUpdate(com.appspot.numeralpursuit.gameserver.model.GameUpdate)
    48:56:public boolean playerTimedOut(com.appspot.numeralpursuit.gameserver.model.GameUpdate)
    59:60:public boolean gameTimedOut()
    66:66:public int getPlayerNumber(java.lang.Long)
    69:76:public void updatePlayerScore()
    80:80:public void addToPlayerActiveGames()
com.games.numeral.pursuit.GsonConverter:
    8:8:public GsonConverter()
com.games.numeral.pursuit.InvitedToGameActivity:
    public static final java.lang.String INTENT_PARAM_SENDER_NAME
    public static final java.lang.String INTENT_PARAM_SENDER_ID
    public static final java.lang.String INTENT_PARAM_MAX_RESPONSE_TIME
    public static final java.lang.String INTENT_PARAM_RECEIVER_ID
    public static final java.lang.String INTENT_PARAM_RECEIVER_NAME
com.games.numeral.pursuit.MainActivity:
    public static final java.lang.String WEB_CLIENT_ID
    protected com.appspot.numeralpursuit.gameserver.Gameserver service
    152:155:void onRegistrationReturn(boolean)
com.games.numeral.pursuit.Manifest
com.games.numeral.pursuit.Manifest$permission
com.games.numeral.pursuit.MyApplication:
    private static final java.lang.String EMAIL_PREF_KEY
    private static final java.lang.String APPLICATION_DATA
    private static final java.lang.String UID_KEY
    private com.appspot.numeralpursuit.gameserver.Gameserver service
    public static final java.lang.String APPLICATION_NAME
    public static final java.lang.String INTENT_PARAM_NOTIFICATION
    private static final java.lang.String SETTINGS_KEY
    public static final java.lang.String KEY_BACKGROUND_PATH
    private static final java.lang.String GCM_TOKEN_KEY
    75:75:public com.appspot.numeralpursuit.gameserver.Gameserver getService()
    78:79:public void setService(com.appspot.numeralpursuit.gameserver.Gameserver)
    156:160:public void saveGCMToken(java.lang.String)
    163:164:public java.lang.String getGCMToken()
com.games.numeral.pursuit.PlayRNGAct:
    public static final java.lang.String RNG
com.games.numeral.pursuit.PlayRNGAct$States:
    public static final int INITIALSTATE
    public static final int NOT_REGISTERED
    public static final int STARTING_GAME
    public static final int REGISTERED
    63:63:public PlayRNGAct$States()
com.games.numeral.pursuit.R
com.games.numeral.pursuit.R$attr
com.games.numeral.pursuit.R$color
com.games.numeral.pursuit.R$dimen
com.games.numeral.pursuit.R$drawable